<?xml version="1.0" encoding="utf-8"?>
<TestRun id="ab3148ad-849f-4bfe-887d-c860f8849e5b" name="Hannes@LT-6FGD373 2022-03-10 18:45:55" runUser="LT-6FGD373\Hannes" xmlns="http://microsoft.com/schemas/VisualStudio/TeamTest/2010">
  <Times creation="2022-03-10T18:45:55.8830700+01:00" queuing="2022-03-10T18:45:55.8830701+01:00" start="2022-03-10T18:45:54.9626206+01:00" finish="2022-03-10T18:45:55.8878699+01:00" />
  <TestSettings name="default" id="1f532b74-eba4-4501-bd64-0538ffa84440">
    <Deployment runDeploymentRoot="Hannes_LT-6FGD373_2022-03-10_18_45_55" />
  </TestSettings>
  <Results>
    <UnitTestResult executionId="2efeada7-6cc6-4d3e-aaf0-5953e4416b30" testId="653de7e5-1c9c-4b6b-cc33-440a8e4b1d90" testName="Tests.UnitTest1.Add_ShouldAddBothNumbers_NoCondition" computerName="LT-6FGD373" duration="00:00:00.0033412" startTime="2022-03-10T18:45:55.7929668+01:00" endTime="2022-03-10T18:45:55.7929848+01:00" testType="13cdc9d9-ddb5-4fa4-a97d-d965ccfc6d4b" outcome="Passed" testListId="8c84fa94-04c1-424b-9868-57a2d4851a1d" relativeResultsDirectory="2efeada7-6cc6-4d3e-aaf0-5953e4416b30" />
  </Results>
  <TestDefinitions>
    <UnitTest name="Tests.UnitTest1.Add_ShouldAddBothNumbers_NoCondition" storage="c:\users\hannes\riderprojects\gopipelinedemo\tests\bin\debug\net6.0\tests.dll" id="653de7e5-1c9c-4b6b-cc33-440a8e4b1d90">
      <Execution id="2efeada7-6cc6-4d3e-aaf0-5953e4416b30" />
      <TestMethod codeBase="C:\Users\Hannes\RiderProjects\GoPipelineDemo\Tests\bin\Debug\net6.0\Tests.dll" adapterTypeName="executor://xunit/VsTestRunner2/netcoreapp" className="Tests.UnitTest1" name="Add_ShouldAddBothNumbers_NoCondition" />
    </UnitTest>
  </TestDefinitions>
  <TestEntries>
    <TestEntry testId="653de7e5-1c9c-4b6b-cc33-440a8e4b1d90" executionId="2efeada7-6cc6-4d3e-aaf0-5953e4416b30" testListId="8c84fa94-04c1-424b-9868-57a2d4851a1d" />
  </TestEntries>
  <TestLists>
    <TestList name="Ergebnisse nicht in einer Liste" id="8c84fa94-04c1-424b-9868-57a2d4851a1d" />
    <TestList name="Alle geladenen Ergebnisse" id="19431567-8539-422a-85d7-44ee4e166bda" />
  </TestLists>
  <ResultSummary outcome="Completed">
    <Counters total="1" executed="1" passed="1" failed="0" error="0" timeout="0" aborted="0" inconclusive="0" passedButRunAborted="0" notRunnable="0" notExecuted="0" disconnected="0" warning="0" completed="0" inProgress="0" pending="0" />
    <Output>
      <StdOut>[xUnit.net 00:00:00.00] xUnit.net VSTest Adapter v2.4.3+1b45f5407b (64-bit .NET 6.0.2)&#xD;
[xUnit.net 00:00:00.31]   Discovering: Tests&#xD;
[xUnit.net 00:00:00.34]   Discovered:  Tests&#xD;
[xUnit.net 00:00:00.34]   Starting:    Tests&#xD;
[xUnit.net 00:00:00.39]   Finished:    Tests&#xD;
</StdOut>
    </Output>
  </ResultSummary>
</TestRun>