<?xml version="1.0" encoding="utf-8"?>
<TestRun id="02b0af56-28b7-444e-a24e-46f192a052aa" name="Hannes@LT-6FGD373 2022-03-10 18:47:12" runUser="LT-6FGD373\Hannes" xmlns="http://microsoft.com/schemas/VisualStudio/TeamTest/2010">
  <Times creation="2022-03-10T18:47:12.8389354+01:00" queuing="2022-03-10T18:47:12.8389355+01:00" start="2022-03-10T18:47:11.9264910+01:00" finish="2022-03-10T18:47:12.8433484+01:00" />
  <TestSettings name="default" id="8310d618-9bfe-418e-a236-548bc9a63c88">
    <Deployment runDeploymentRoot="Hannes_LT-6FGD373_2022-03-10_18_47_12" />
  </TestSettings>
  <Results>
    <UnitTestResult executionId="bfce3568-c77b-42a5-8b4d-27e13fb61b65" testId="653de7e5-1c9c-4b6b-cc33-440a8e4b1d90" testName="Tests.UnitTest1.Add_ShouldAddBothNumbers_NoCondition" computerName="LT-6FGD373" duration="00:00:00.0036124" startTime="2022-03-10T18:47:12.7523651+01:00" endTime="2022-03-10T18:47:12.7523855+01:00" testType="13cdc9d9-ddb5-4fa4-a97d-d965ccfc6d4b" outcome="Passed" testListId="8c84fa94-04c1-424b-9868-57a2d4851a1d" relativeResultsDirectory="bfce3568-c77b-42a5-8b4d-27e13fb61b65" />
  </Results>
  <TestDefinitions>
    <UnitTest name="Tests.UnitTest1.Add_ShouldAddBothNumbers_NoCondition" storage="c:\users\hannes\riderprojects\gopipelinedemo\tests\bin\debug\net6.0\tests.dll" id="653de7e5-1c9c-4b6b-cc33-440a8e4b1d90">
      <Execution id="bfce3568-c77b-42a5-8b4d-27e13fb61b65" />
      <TestMethod codeBase="C:\Users\Hannes\RiderProjects\GoPipelineDemo\Tests\bin\Debug\net6.0\Tests.dll" adapterTypeName="executor://xunit/VsTestRunner2/netcoreapp" className="Tests.UnitTest1" name="Add_ShouldAddBothNumbers_NoCondition" />
    </UnitTest>
  </TestDefinitions>
  <TestEntries>
    <TestEntry testId="653de7e5-1c9c-4b6b-cc33-440a8e4b1d90" executionId="bfce3568-c77b-42a5-8b4d-27e13fb61b65" testListId="8c84fa94-04c1-424b-9868-57a2d4851a1d" />
  </TestEntries>
  <TestLists>
    <TestList name="Ergebnisse nicht in einer Liste" id="8c84fa94-04c1-424b-9868-57a2d4851a1d" />
    <TestList name="Alle geladenen Ergebnisse" id="19431567-8539-422a-85d7-44ee4e166bda" />
  </TestLists>
  <ResultSummary outcome="Completed">
    <Counters total="1" executed="1" passed="1" failed="0" error="0" timeout="0" aborted="0" inconclusive="0" passedButRunAborted="0" notRunnable="0" notExecuted="0" disconnected="0" warning="0" completed="0" inProgress="0" pending="0" />
    <Output>
      <StdOut>[xUnit.net 00:00:00.00] xUnit.net VSTest Adapter v2.4.3+1b45f5407b (64-bit .NET 6.0.2)&#xD;
[xUnit.net 00:00:00.32]   Discovering: Tests&#xD;
[xUnit.net 00:00:00.35]   Discovered:  Tests&#xD;
[xUnit.net 00:00:00.35]   Starting:    Tests&#xD;
[xUnit.net 00:00:00.41]   Finished:    Tests&#xD;
</StdOut>
    </Output>
  </ResultSummary>
</TestRun>